<?xml version="1.0" encoding="UTF-8"?>
<testsuite xmlns:xsi="http://www.w3.org/2001/XMLSchema-instance" xsi:noNamespaceSchemaLocation="https://maven.apache.org/surefire/maven-surefire-plugin/xsd/surefire-test-report.xsd" name="com.an.apigw.ApiGwApplicationTests" time="11.117" tests="2" errors="0" skipped="0" failures="0">
  <properties>
    <property name="java.specification.version" value="15"/>
    <property name="sun.cpu.isalist" value="amd64"/>
    <property name="sun.jnu.encoding" value="Cp1252"/>
    <property name="java.class.path" value="D:\Anuja\IMP\Workspace_Kadmos\api-gw\target\test-classes;D:\Anuja\IMP\Workspace_Kadmos\api-gw\target\classes;C:\Users\anuja\.m2\repository\org\springframework\cloud\spring-cloud-starter-circuitbreaker-resilience4j\2.1.1\spring-cloud-starter-circuitbreaker-resilience4j-2.1.1.jar;C:\Users\anuja\.m2\repository\org\springframework\cloud\spring-cloud-starter\3.1.1\spring-cloud-starter-3.1.1.jar;C:\Users\anuja\.m2\repository\org\springframework\cloud\spring-cloud-context\3.1.1\spring-cloud-context-3.1.1.jar;C:\Users\anuja\.m2\repository\org\springframework\security\spring-security-crypto\5.6.2\spring-security-crypto-5.6.2.jar;C:\Users\anuja\.m2\repository\org\springframework\cloud\spring-cloud-commons\3.1.1\spring-cloud-commons-3.1.1.jar;C:\Users\anuja\.m2\repository\org\springframework\security\spring-security-rsa\1.0.10.RELEASE\spring-security-rsa-1.0.10.RELEASE.jar;C:\Users\anuja\.m2\repository\org\springframework\cloud\spring-cloud-circuitbreaker-resilience4j\2.1.1\spring-cloud-circuitbreaker-resilience4j-2.1.1.jar;C:\Users\anuja\.m2\repository\io\github\resilience4j\resilience4j-spring-boot2\1.7.0\resilience4j-spring-boot2-1.7.0.jar;C:\Users\anuja\.m2\repository\io\github\resilience4j\resilience4j-spring\1.7.0\resilience4j-spring-1.7.0.jar;C:\Users\anuja\.m2\repository\io\github\resilience4j\resilience4j-annotations\1.7.0\resilience4j-annotations-1.7.0.jar;C:\Users\anuja\.m2\repository\io\github\resilience4j\resilience4j-consumer\1.7.0\resilience4j-consumer-1.7.0.jar;C:\Users\anuja\.m2\repository\io\github\resilience4j\resilience4j-circularbuffer\1.7.0\resilience4j-circularbuffer-1.7.0.jar;C:\Users\anuja\.m2\repository\io\github\resilience4j\resilience4j-framework-common\1.7.0\resilience4j-framework-common-1.7.0.jar;C:\Users\anuja\.m2\repository\io\github\resilience4j\resilience4j-ratelimiter\1.7.0\resilience4j-ratelimiter-1.7.0.jar;C:\Users\anuja\.m2\repository\io\github\resilience4j\resilience4j-retry\1.7.0\resilience4j-retry-1.7.0.jar;C:\Users\anuja\.m2\repository\io\github\resilience4j\resilience4j-micrometer\1.7.0\resilience4j-micrometer-1.7.0.jar;C:\Users\anuja\.m2\repository\io\github\resilience4j\resilience4j-circuitbreaker\1.7.0\resilience4j-circuitbreaker-1.7.0.jar;C:\Users\anuja\.m2\repository\io\vavr\vavr\0.10.2\vavr-0.10.2.jar;C:\Users\anuja\.m2\repository\io\vavr\vavr-match\0.10.2\vavr-match-0.10.2.jar;C:\Users\anuja\.m2\repository\io\github\resilience4j\resilience4j-core\1.7.0\resilience4j-core-1.7.0.jar;C:\Users\anuja\.m2\repository\io\github\resilience4j\resilience4j-timelimiter\1.7.0\resilience4j-timelimiter-1.7.0.jar;C:\Users\anuja\.m2\repository\org\springframework\cloud\spring-cloud-starter-circuitbreaker-reactor-resilience4j\2.1.1\spring-cloud-starter-circuitbreaker-reactor-resilience4j-2.1.1.jar;C:\Users\anuja\.m2\repository\io\github\resilience4j\resilience4j-reactor\1.7.0\resilience4j-reactor-1.7.0.jar;C:\Users\anuja\.m2\repository\org\springframework\cloud\spring-cloud-starter-gateway\3.1.1\spring-cloud-starter-gateway-3.1.1.jar;C:\Users\anuja\.m2\repository\org\springframework\cloud\spring-cloud-gateway-server\3.1.1\spring-cloud-gateway-server-3.1.1.jar;C:\Users\anuja\.m2\repository\org\springframework\boot\spring-boot-starter-validation\2.6.4\spring-boot-starter-validation-2.6.4.jar;C:\Users\anuja\.m2\repository\org\apache\tomcat\embed\tomcat-embed-el\9.0.58\tomcat-embed-el-9.0.58.jar;C:\Users\anuja\.m2\repository\org\hibernate\validator\hibernate-validator\6.2.2.Final\hibernate-validator-6.2.2.Final.jar;C:\Users\anuja\.m2\repository\jakarta\validation\jakarta.validation-api\2.0.2\jakarta.validation-api-2.0.2.jar;C:\Users\anuja\.m2\repository\org\jboss\logging\jboss-logging\3.4.3.Final\jboss-logging-3.4.3.Final.jar;C:\Users\anuja\.m2\repository\com\fasterxml\classmate\1.5.1\classmate-1.5.1.jar;C:\Users\anuja\.m2\repository\io\projectreactor\addons\reactor-extra\3.4.6\reactor-extra-3.4.6.jar;C:\Users\anuja\.m2\repository\org\springframework\boot\spring-boot-starter-webflux\2.6.4\spring-boot-starter-webflux-2.6.4.jar;C:\Users\anuja\.m2\repository\org\springframework\boot\spring-boot-starter\2.6.4\spring-boot-starter-2.6.4.jar;C:\Users\anuja\.m2\repository\org\springframework\boot\spring-boot\2.6.4\spring-boot-2.6.4.jar;C:\Users\anuja\.m2\repository\org\springframework\spring-context\5.3.16\spring-context-5.3.16.jar;C:\Users\anuja\.m2\repository\org\springframework\spring-aop\5.3.16\spring-aop-5.3.16.jar;C:\Users\anuja\.m2\repository\org\springframework\spring-expression\5.3.16\spring-expression-5.3.16.jar;C:\Users\anuja\.m2\repository\org\springframework\boot\spring-boot-autoconfigure\2.6.4\spring-boot-autoconfigure-2.6.4.jar;C:\Users\anuja\.m2\repository\org\springframework\boot\spring-boot-starter-logging\2.6.4\spring-boot-starter-logging-2.6.4.jar;C:\Users\anuja\.m2\repository\org\apache\logging\log4j\log4j-to-slf4j\2.17.1\log4j-to-slf4j-2.17.1.jar;C:\Users\anuja\.m2\repository\org\apache\logging\log4j\log4j-api\2.17.1\log4j-api-2.17.1.jar;C:\Users\anuja\.m2\repository\org\slf4j\jul-to-slf4j\1.7.36\jul-to-slf4j-1.7.36.jar;C:\Users\anuja\.m2\repository\jakarta\annotation\jakarta.annotation-api\1.3.5\jakarta.annotation-api-1.3.5.jar;C:\Users\anuja\.m2\repository\org\yaml\snakeyaml\1.29\snakeyaml-1.29.jar;C:\Users\anuja\.m2\repository\org\springframework\boot\spring-boot-starter-json\2.6.4\spring-boot-starter-json-2.6.4.jar;C:\Users\anuja\.m2\repository\com\fasterxml\jackson\core\jackson-databind\2.13.1\jackson-databind-2.13.1.jar;C:\Users\anuja\.m2\repository\com\fasterxml\jackson\datatype\jackson-datatype-jdk8\2.13.1\jackson-datatype-jdk8-2.13.1.jar;C:\Users\anuja\.m2\repository\com\fasterxml\jackson\datatype\jackson-datatype-jsr310\2.13.1\jackson-datatype-jsr310-2.13.1.jar;C:\Users\anuja\.m2\repository\com\fasterxml\jackson\module\jackson-module-parameter-names\2.13.1\jackson-module-parameter-names-2.13.1.jar;C:\Users\anuja\.m2\repository\org\springframework\boot\spring-boot-starter-reactor-netty\2.6.4\spring-boot-starter-reactor-netty-2.6.4.jar;C:\Users\anuja\.m2\repository\io\projectreactor\netty\reactor-netty-http\1.0.16\reactor-netty-http-1.0.16.jar;C:\Users\anuja\.m2\repository\io\netty\netty-codec-http2\4.1.74.Final\netty-codec-http2-4.1.74.Final.jar;C:\Users\anuja\.m2\repository\io\netty\netty-resolver-dns\4.1.74.Final\netty-resolver-dns-4.1.74.Final.jar;C:\Users\anuja\.m2\repository\io\netty\netty-codec-dns\4.1.74.Final\netty-codec-dns-4.1.74.Final.jar;C:\Users\anuja\.m2\repository\io\netty\netty-resolver-dns-native-macos\4.1.74.Final\netty-resolver-dns-native-macos-4.1.74.Final-osx-x86_64.jar;C:\Users\anuja\.m2\repository\io\netty\netty-resolver-dns-classes-macos\4.1.74.Final\netty-resolver-dns-classes-macos-4.1.74.Final.jar;C:\Users\anuja\.m2\repository\io\netty\netty-transport-native-epoll\4.1.74.Final\netty-transport-native-epoll-4.1.74.Final-linux-x86_64.jar;C:\Users\anuja\.m2\repository\io\netty\netty-transport-native-unix-common\4.1.74.Final\netty-transport-native-unix-common-4.1.74.Final.jar;C:\Users\anuja\.m2\repository\io\netty\netty-transport-classes-epoll\4.1.74.Final\netty-transport-classes-epoll-4.1.74.Final.jar;C:\Users\anuja\.m2\repository\io\projectreactor\netty\reactor-netty-core\1.0.16\reactor-netty-core-1.0.16.jar;C:\Users\anuja\.m2\repository\io\netty\netty-handler-proxy\4.1.74.Final\netty-handler-proxy-4.1.74.Final.jar;C:\Users\anuja\.m2\repository\org\springframework\spring-web\5.3.16\spring-web-5.3.16.jar;C:\Users\anuja\.m2\repository\org\springframework\spring-beans\5.3.16\spring-beans-5.3.16.jar;C:\Users\anuja\.m2\repository\org\springframework\spring-webflux\5.3.16\spring-webflux-5.3.16.jar;C:\Users\anuja\.m2\repository\io\projectreactor\reactor-core\3.4.15\reactor-core-3.4.15.jar;C:\Users\anuja\.m2\repository\org\reactivestreams\reactive-streams\1.0.3\reactive-streams-1.0.3.jar;C:\Users\anuja\.m2\repository\org\springframework\boot\spring-boot-starter-actuator\2.6.4\spring-boot-starter-actuator-2.6.4.jar;C:\Users\anuja\.m2\repository\org\springframework\boot\spring-boot-actuator-autoconfigure\2.6.4\spring-boot-actuator-autoconfigure-2.6.4.jar;C:\Users\anuja\.m2\repository\org\springframework\boot\spring-boot-actuator\2.6.4\spring-boot-actuator-2.6.4.jar;C:\Users\anuja\.m2\repository\io\micrometer\micrometer-core\1.8.3\micrometer-core-1.8.3.jar;C:\Users\anuja\.m2\repository\org\hdrhistogram\HdrHistogram\2.1.12\HdrHistogram-2.1.12.jar;C:\Users\anuja\.m2\repository\org\latencyutils\LatencyUtils\2.0.3\LatencyUtils-2.0.3.jar;C:\Users\anuja\.m2\repository\org\springframework\boot\spring-boot-starter-test\2.6.4\spring-boot-starter-test-2.6.4.jar;C:\Users\anuja\.m2\repository\org\springframework\boot\spring-boot-test\2.6.4\spring-boot-test-2.6.4.jar;C:\Users\anuja\.m2\repository\org\springframework\boot\spring-boot-test-autoconfigure\2.6.4\spring-boot-test-autoconfigure-2.6.4.jar;C:\Users\anuja\.m2\repository\com\jayway\jsonpath\json-path\2.6.0\json-path-2.6.0.jar;C:\Users\anuja\.m2\repository\net\minidev\json-smart\2.4.8\json-smart-2.4.8.jar;C:\Users\anuja\.m2\repository\net\minidev\accessors-smart\2.4.8\accessors-smart-2.4.8.jar;C:\Users\anuja\.m2\repository\org\ow2\asm\asm\9.1\asm-9.1.jar;C:\Users\anuja\.m2\repository\jakarta\xml\bind\jakarta.xml.bind-api\2.3.3\jakarta.xml.bind-api-2.3.3.jar;C:\Users\anuja\.m2\repository\jakarta\activation\jakarta.activation-api\1.2.2\jakarta.activation-api-1.2.2.jar;C:\Users\anuja\.m2\repository\org\assertj\assertj-core\3.21.0\assertj-core-3.21.0.jar;C:\Users\anuja\.m2\repository\org\hamcrest\hamcrest\2.2\hamcrest-2.2.jar;C:\Users\anuja\.m2\repository\org\junit\jupiter\junit-jupiter\5.8.2\junit-jupiter-5.8.2.jar;C:\Users\anuja\.m2\repository\org\junit\jupiter\junit-jupiter-api\5.8.2\junit-jupiter-api-5.8.2.jar;C:\Users\anuja\.m2\repository\org\opentest4j\opentest4j\1.2.0\opentest4j-1.2.0.jar;C:\Users\anuja\.m2\repository\org\junit\platform\junit-platform-commons\1.8.2\junit-platform-commons-1.8.2.jar;C:\Users\anuja\.m2\repository\org\apiguardian\apiguardian-api\1.1.2\apiguardian-api-1.1.2.jar;C:\Users\anuja\.m2\repository\org\junit\jupiter\junit-jupiter-params\5.8.2\junit-jupiter-params-5.8.2.jar;C:\Users\anuja\.m2\repository\org\junit\jupiter\junit-jupiter-engine\5.8.2\junit-jupiter-engine-5.8.2.jar;C:\Users\anuja\.m2\repository\org\junit\platform\junit-platform-engine\1.8.2\junit-platform-engine-1.8.2.jar;C:\Users\anuja\.m2\repository\org\mockito\mockito-core\4.0.0\mockito-core-4.0.0.jar;C:\Users\anuja\.m2\repository\net\bytebuddy\byte-buddy\1.11.22\byte-buddy-1.11.22.jar;C:\Users\anuja\.m2\repository\net\bytebuddy\byte-buddy-agent\1.11.22\byte-buddy-agent-1.11.22.jar;C:\Users\anuja\.m2\repository\org\objenesis\objenesis\3.2\objenesis-3.2.jar;C:\Users\anuja\.m2\repository\org\mockito\mockito-junit-jupiter\4.0.0\mockito-junit-jupiter-4.0.0.jar;C:\Users\anuja\.m2\repository\org\skyscreamer\jsonassert\1.5.0\jsonassert-1.5.0.jar;C:\Users\anuja\.m2\repository\com\vaadin\external\google\android-json\0.0.20131108.vaadin1\android-json-0.0.20131108.vaadin1.jar;C:\Users\anuja\.m2\repository\org\springframework\spring-core\5.3.16\spring-core-5.3.16.jar;C:\Users\anuja\.m2\repository\org\springframework\spring-jcl\5.3.16\spring-jcl-5.3.16.jar;C:\Users\anuja\.m2\repository\org\springframework\spring-test\5.3.16\spring-test-5.3.16.jar;C:\Users\anuja\.m2\repository\org\xmlunit\xmlunit-core\2.8.4\xmlunit-core-2.8.4.jar;C:\Users\anuja\.m2\repository\org\testcontainers\mockserver\1.15.3\mockserver-1.15.3.jar;C:\Users\anuja\.m2\repository\org\testcontainers\testcontainers\1.15.3\testcontainers-1.15.3.jar;C:\Users\anuja\.m2\repository\junit\junit\4.13.2\junit-4.13.2.jar;C:\Users\anuja\.m2\repository\org\hamcrest\hamcrest-core\2.2\hamcrest-core-2.2.jar;C:\Users\anuja\.m2\repository\org\apache\commons\commons-compress\1.20\commons-compress-1.20.jar;C:\Users\anuja\.m2\repository\org\rnorth\duct-tape\duct-tape\1.0.8\duct-tape-1.0.8.jar;C:\Users\anuja\.m2\repository\org\rnorth\visible-assertions\visible-assertions\2.1.2\visible-assertions-2.1.2.jar;C:\Users\anuja\.m2\repository\net\java\dev\jna\jna\5.2.0\jna-5.2.0.jar;C:\Users\anuja\.m2\repository\com\github\docker-java\docker-java-api\3.2.8\docker-java-api-3.2.8.jar;C:\Users\anuja\.m2\repository\com\github\docker-java\docker-java-transport-zerodep\3.2.8\docker-java-transport-zerodep-3.2.8.jar;C:\Users\anuja\.m2\repository\com\github\docker-java\docker-java-transport\3.2.8\docker-java-transport-3.2.8.jar;C:\Users\anuja\.m2\repository\org\mock-server\mockserver-client-java\3.10.8\mockserver-client-java-3.10.8.jar;C:\Users\anuja\.m2\repository\org\mock-server\mockserver-core\3.10.8\mockserver-core-3.10.8.jar;C:\Users\anuja\.m2\repository\javax\servlet\javax.servlet-api\4.0.1\javax.servlet-api-4.0.1.jar;C:\Users\anuja\.m2\repository\io\netty\netty-buffer\4.1.74.Final\netty-buffer-4.1.74.Final.jar;C:\Users\anuja\.m2\repository\io\netty\netty-common\4.1.74.Final\netty-common-4.1.74.Final.jar;C:\Users\anuja\.m2\repository\io\netty\netty-codec\4.1.74.Final\netty-codec-4.1.74.Final.jar;C:\Users\anuja\.m2\repository\io\netty\netty-codec-http\4.1.74.Final\netty-codec-http-4.1.74.Final.jar;C:\Users\anuja\.m2\repository\io\netty\netty-codec-socks\4.1.74.Final\netty-codec-socks-4.1.74.Final.jar;C:\Users\anuja\.m2\repository\io\netty\netty-handler\4.1.74.Final\netty-handler-4.1.74.Final.jar;C:\Users\anuja\.m2\repository\io\netty\netty-resolver\4.1.74.Final\netty-resolver-4.1.74.Final.jar;C:\Users\anuja\.m2\repository\io\netty\netty-tcnative-classes\2.0.48.Final\netty-tcnative-classes-2.0.48.Final.jar;C:\Users\anuja\.m2\repository\io\netty\netty-transport\4.1.74.Final\netty-transport-4.1.74.Final.jar;C:\Users\anuja\.m2\repository\com\jcraft\jzlib\1.1.3\jzlib-1.1.3.jar;C:\Users\anuja\.m2\repository\org\bouncycastle\bcprov-jdk15on\1.56\bcprov-jdk15on-1.56.jar;C:\Users\anuja\.m2\repository\org\bouncycastle\bcmail-jdk15on\1.56\bcmail-jdk15on-1.56.jar;C:\Users\anuja\.m2\repository\org\bouncycastle\bcpkix-jdk15on\1.56\bcpkix-jdk15on-1.56.jar;C:\Users\anuja\.m2\repository\com\fasterxml\jackson\core\jackson-core\2.13.1\jackson-core-2.13.1.jar;C:\Users\anuja\.m2\repository\com\fasterxml\jackson\core\jackson-annotations\2.13.1\jackson-annotations-2.13.1.jar;C:\Users\anuja\.m2\repository\com\github\fge\json-schema-validator\2.2.6\json-schema-validator-2.2.6.jar;C:\Users\anuja\.m2\repository\com\google\code\findbugs\jsr305\3.0.0\jsr305-3.0.0.jar;C:\Users\anuja\.m2\repository\joda-time\joda-time\2.3\joda-time-2.3.jar;C:\Users\anuja\.m2\repository\com\googlecode\libphonenumber\libphonenumber\6.2\libphonenumber-6.2.jar;C:\Users\anuja\.m2\repository\com\github\fge\json-schema-core\1.2.5\json-schema-core-1.2.5.jar;C:\Users\anuja\.m2\repository\com\github\fge\uri-template\0.9\uri-template-0.9.jar;C:\Users\anuja\.m2\repository\com\github\fge\msg-simple\1.1\msg-simple-1.1.jar;C:\Users\anuja\.m2\repository\com\github\fge\btf\1.2\btf-1.2.jar;C:\Users\anuja\.m2\repository\com\github\fge\jackson-coreutils\1.8\jackson-coreutils-1.8.jar;C:\Users\anuja\.m2\repository\org\mozilla\rhino\1.7R4\rhino-1.7R4.jar;C:\Users\anuja\.m2\repository\javax\mail\mailapi\1.4.3\mailapi-1.4.3.jar;C:\Users\anuja\.m2\repository\javax\activation\activation\1.1\activation-1.1.jar;C:\Users\anuja\.m2\repository\net\sf\jopt-simple\jopt-simple\4.6\jopt-simple-4.6.jar;C:\Users\anuja\.m2\repository\xerces\xercesImpl\2.4.0\xercesImpl-2.4.0.jar;C:\Users\anuja\.m2\repository\commons-io\commons-io\1.3.2\commons-io-1.3.2.jar;C:\Users\anuja\.m2\repository\org\apache\commons\commons-lang3\3.12.0\commons-lang3-3.12.0.jar;C:\Users\anuja\.m2\repository\com\google\guava\guava\18.0\guava-18.0.jar;C:\Users\anuja\.m2\repository\org\slf4j\slf4j-api\1.7.36\slf4j-api-1.7.36.jar;C:\Users\anuja\.m2\repository\ch\qos\logback\logback-classic\1.2.10\logback-classic-1.2.10.jar;C:\Users\anuja\.m2\repository\ch\qos\logback\logback-core\1.2.10\logback-core-1.2.10.jar;C:\Users\anuja\.m2\repository\org\springframework\cloud\spring-cloud-starter-contract-stub-runner\3.1.1\spring-cloud-starter-contract-stub-runner-3.1.1.jar;C:\Users\anuja\.m2\repository\org\springframework\cloud\spring-cloud-contract-stub-runner\3.1.1\spring-cloud-contract-stub-runner-3.1.1.jar;C:\Users\anuja\.m2\repository\org\springframework\cloud\spring-cloud-contract-verifier\3.1.1\spring-cloud-contract-verifier-3.1.1.jar;C:\Users\anuja\.m2\repository\org\apache\commons\commons-text\1.9\commons-text-1.9.jar;C:\Users\anuja\.m2\repository\javax\inject\javax.inject\1\javax.inject-1.jar;C:\Users\anuja\.m2\repository\com\toomuchcoding\jsonassert\jsonassert\0.6.1\jsonassert-0.6.1.jar;C:\Users\anuja\.m2\repository\com\rackspace\eclipse\webtools\sourceediting\org.eclipse.wst.xml.xpath2.processor\2.1.100\org.eclipse.wst.xml.xpath2.processor-2.1.100.jar;C:\Users\anuja\.m2\repository\edu\princeton\cup\java-cup\10k\java-cup-10k.jar;C:\Users\anuja\.m2\repository\com\ibm\icu\icu4j\4.6\icu4j-4.6.jar;C:\Users\anuja\.m2\repository\org\codehaus\groovy\groovy\3.0.9\groovy-3.0.9.jar;C:\Users\anuja\.m2\repository\org\codehaus\groovy\groovy-nio\3.0.9\groovy-nio-3.0.9.jar;C:\Users\anuja\.m2\repository\org\codehaus\groovy\groovy-json\3.0.9\groovy-json-3.0.9.jar;C:\Users\anuja\.m2\repository\org\codehaus\groovy\groovy-xml\3.0.9\groovy-xml-3.0.9.jar;C:\Users\anuja\.m2\repository\com\github\jknack\handlebars\4.2.0\handlebars-4.2.0.jar;C:\Users\anuja\.m2\repository\commons-beanutils\commons-beanutils\1.9.4\commons-beanutils-1.9.4.jar;C:\Users\anuja\.m2\repository\commons-logging\commons-logging\1.2\commons-logging-1.2.jar;C:\Users\anuja\.m2\repository\commons-collections\commons-collections\3.2.2\commons-collections-3.2.2.jar;C:\Users\anuja\.m2\repository\com\fasterxml\jackson\dataformat\jackson-dataformat-yaml\2.13.1\jackson-dataformat-yaml-2.13.1.jar;C:\Users\anuja\.m2\repository\net\javacrumbs\json-unit\json-unit-assertj\2.27.0\json-unit-assertj-2.27.0.jar;C:\Users\anuja\.m2\repository\net\javacrumbs\json-unit\json-unit-core\2.27.0\json-unit-core-2.27.0.jar;C:\Users\anuja\.m2\repository\net\javacrumbs\json-unit\json-unit-json-path\2.27.0\json-unit-json-path-2.27.0.jar;C:\Users\anuja\.m2\repository\org\springframework\cloud\spring-cloud-function-compiler\3.0.6.RELEASE\spring-cloud-function-compiler-3.0.6.RELEASE.jar;C:\Users\anuja\.m2\repository\org\eclipse\jdt\core\compiler\ecj\4.4.2\ecj-4.4.2.jar;C:\Users\anuja\.m2\repository\javax\annotation\javax.annotation-api\1.3.2\javax.annotation-api-1.3.2.jar;C:\Users\anuja\.m2\repository\org\springframework\cloud\spring-cloud-contract-shade\3.1.1\spring-cloud-contract-shade-3.1.1.jar;C:\Users\anuja\.m2\repository\org\springframework\cloud\spring-cloud-contract-converters\3.1.1\spring-cloud-contract-converters-3.1.1.jar;C:\Users\anuja\.m2\repository\org\springframework\cloud\spring-cloud-contract-spec\3.1.1\spring-cloud-contract-spec-3.1.1.jar;C:\Users\anuja\.m2\repository\org\springframework\cloud\spring-cloud-contract-spec-java\3.1.1\spring-cloud-contract-spec-java-3.1.1.jar;C:\Users\anuja\.m2\repository\dk\brics\automaton\automaton\1.11-8\automaton-1.11-8.jar;C:\Users\anuja\.m2\repository\org\springframework\cloud\spring-cloud-contract-spec-groovy\3.1.1\spring-cloud-contract-spec-groovy-3.1.1.jar;C:\Users\anuja\.m2\repository\org\eclipse\jgit\org.eclipse.jgit\5.12.0.202106070339-r\org.eclipse.jgit-5.12.0.202106070339-r.jar;C:\Users\anuja\.m2\repository\com\googlecode\javaewah\JavaEWAH\1.1.7\JavaEWAH-1.1.7.jar;C:\Users\anuja\.m2\repository\org\eclipse\jgit\org.eclipse.jgit.ssh.jsch\5.12.0.202106070339-r\org.eclipse.jgit.ssh.jsch-5.12.0.202106070339-r.jar;C:\Users\anuja\.m2\repository\com\jcraft\jsch\0.1.55\jsch-0.1.55.jar;C:\Users\anuja\.m2\repository\com\jcraft\jsch.agentproxy.sshagent\0.0.9\jsch.agentproxy.sshagent-0.0.9.jar;C:\Users\anuja\.m2\repository\com\jcraft\jsch.agentproxy.core\0.0.9\jsch.agentproxy.core-0.0.9.jar;C:\Users\anuja\.m2\repository\com\jcraft\jsch.agentproxy.jsch\0.0.9\jsch.agentproxy.jsch-0.0.9.jar;C:\Users\anuja\.m2\repository\com\jcraft\jsch.agentproxy.usocket-jna\0.0.9\jsch.agentproxy.usocket-jna-0.0.9.jar;C:\Users\anuja\.m2\repository\net\java\dev\jna\jna-platform\4.1.0\jna-platform-4.1.0.jar;C:\Users\anuja\.m2\repository\org\springframework\cloud\spring-cloud-contract-wiremock\3.1.1\spring-cloud-contract-wiremock-3.1.1.jar;C:\Users\anuja\.m2\repository\com\github\tomakehurst\wiremock-jre8-standalone\2.31.0\wiremock-jre8-standalone-2.31.0.jar;C:\Users\anuja\.m2\repository\org\apache\httpcomponents\httpclient\4.5.13\httpclient-4.5.13.jar;C:\Users\anuja\.m2\repository\org\apache\httpcomponents\httpcore\4.4.15\httpcore-4.4.15.jar;C:\Users\anuja\.m2\repository\commons-codec\commons-codec\1.15\commons-codec-1.15.jar;C:\Users\anuja\.m2\repository\org\apache\maven\resolver\maven-resolver-api\1.4.1\maven-resolver-api-1.4.1.jar;C:\Users\anuja\.m2\repository\org\sonatype\sisu\sisu-inject-plexus\2.6.0\sisu-inject-plexus-2.6.0.jar;C:\Users\anuja\.m2\repository\org\codehaus\plexus\plexus-component-annotations\1.5.5\plexus-component-annotations-1.5.5.jar;C:\Users\anuja\.m2\repository\org\codehaus\plexus\plexus-classworlds\2.5.2\plexus-classworlds-2.5.2.jar;C:\Users\anuja\.m2\repository\org\codehaus\plexus\plexus-utils\3.0.18\plexus-utils-3.0.18.jar;C:\Users\anuja\.m2\repository\org\sonatype\sisu\sisu-inject-bean\2.6.0\sisu-inject-bean-2.6.0.jar;C:\Users\anuja\.m2\repository\javax\enterprise\cdi-api\1.0\cdi-api-1.0.jar;C:\Users\anuja\.m2\repository\javax\annotation\jsr250-api\1.0\jsr250-api-1.0.jar;C:\Users\anuja\.m2\repository\org\sonatype\sisu\sisu-guice\3.2.5\sisu-guice-3.2.5-no_aop.jar;C:\Users\anuja\.m2\repository\org\eclipse\sisu\org.eclipse.sisu.inject\0.3.0\org.eclipse.sisu.inject-0.3.0.jar;C:\Users\anuja\.m2\repository\org\eclipse\sisu\org.eclipse.sisu.plexus\0.3.0\org.eclipse.sisu.plexus-0.3.0.jar;"/>
    <property name="java.vm.vendor" value="Oracle Corporation"/>
    <property name="sun.arch.data.model" value="64"/>
    <property name="user.variant" value=""/>
    <property name="java.vendor.url" value="https://java.oracle.com/"/>
    <property name="user.timezone" value="Europe/Berlin"/>
    <property name="os.name" value="Windows 10"/>
    <property name="java.vm.specification.version" value="15"/>
    <property name="sun.java.launcher" value="SUN_STANDARD"/>
    <property name="user.country" value="IN"/>
    <property name="sun.boot.library.path" value="E:\sts-4.10.0.RELEASE\plugins\org.eclipse.justj.openjdk.hotspot.jre.full.win32.x86_64_15.0.2.v20210201-0955\jre\bin"/>
    <property name="sun.java.command" value="C:\Users\anuja\AppData\Local\Temp\surefire14867528950903958288\surefirebooter9970479327588971920.jar C:\Users\anuja\AppData\Local\Temp\surefire14867528950903958288 2022-03-04T19-22-45_443-jvmRun1 surefire14190471292724274207tmp surefire_04012542984608965603tmp"/>
    <property name="jdk.debug" value="release"/>
    <property name="surefire.test.class.path" value="D:\Anuja\IMP\Workspace_Kadmos\api-gw\target\test-classes;D:\Anuja\IMP\Workspace_Kadmos\api-gw\target\classes;C:\Users\anuja\.m2\repository\org\springframework\cloud\spring-cloud-starter-circuitbreaker-resilience4j\2.1.1\spring-cloud-starter-circuitbreaker-resilience4j-2.1.1.jar;C:\Users\anuja\.m2\repository\org\springframework\cloud\spring-cloud-starter\3.1.1\spring-cloud-starter-3.1.1.jar;C:\Users\anuja\.m2\repository\org\springframework\cloud\spring-cloud-context\3.1.1\spring-cloud-context-3.1.1.jar;C:\Users\anuja\.m2\repository\org\springframework\security\spring-security-crypto\5.6.2\spring-security-crypto-5.6.2.jar;C:\Users\anuja\.m2\repository\org\springframework\cloud\spring-cloud-commons\3.1.1\spring-cloud-commons-3.1.1.jar;C:\Users\anuja\.m2\repository\org\springframework\security\spring-security-rsa\1.0.10.RELEASE\spring-security-rsa-1.0.10.RELEASE.jar;C:\Users\anuja\.m2\repository\org\springframework\cloud\spring-cloud-circuitbreaker-resilience4j\2.1.1\spring-cloud-circuitbreaker-resilience4j-2.1.1.jar;C:\Users\anuja\.m2\repository\io\github\resilience4j\resilience4j-spring-boot2\1.7.0\resilience4j-spring-boot2-1.7.0.jar;C:\Users\anuja\.m2\repository\io\github\resilience4j\resilience4j-spring\1.7.0\resilience4j-spring-1.7.0.jar;C:\Users\anuja\.m2\repository\io\github\resilience4j\resilience4j-annotations\1.7.0\resilience4j-annotations-1.7.0.jar;C:\Users\anuja\.m2\repository\io\github\resilience4j\resilience4j-consumer\1.7.0\resilience4j-consumer-1.7.0.jar;C:\Users\anuja\.m2\repository\io\github\resilience4j\resilience4j-circularbuffer\1.7.0\resilience4j-circularbuffer-1.7.0.jar;C:\Users\anuja\.m2\repository\io\github\resilience4j\resilience4j-framework-common\1.7.0\resilience4j-framework-common-1.7.0.jar;C:\Users\anuja\.m2\repository\io\github\resilience4j\resilience4j-ratelimiter\1.7.0\resilience4j-ratelimiter-1.7.0.jar;C:\Users\anuja\.m2\repository\io\github\resilience4j\resilience4j-retry\1.7.0\resilience4j-retry-1.7.0.jar;C:\Users\anuja\.m2\repository\io\github\resilience4j\resilience4j-micrometer\1.7.0\resilience4j-micrometer-1.7.0.jar;C:\Users\anuja\.m2\repository\io\github\resilience4j\resilience4j-circuitbreaker\1.7.0\resilience4j-circuitbreaker-1.7.0.jar;C:\Users\anuja\.m2\repository\io\vavr\vavr\0.10.2\vavr-0.10.2.jar;C:\Users\anuja\.m2\repository\io\vavr\vavr-match\0.10.2\vavr-match-0.10.2.jar;C:\Users\anuja\.m2\repository\io\github\resilience4j\resilience4j-core\1.7.0\resilience4j-core-1.7.0.jar;C:\Users\anuja\.m2\repository\io\github\resilience4j\resilience4j-timelimiter\1.7.0\resilience4j-timelimiter-1.7.0.jar;C:\Users\anuja\.m2\repository\org\springframework\cloud\spring-cloud-starter-circuitbreaker-reactor-resilience4j\2.1.1\spring-cloud-starter-circuitbreaker-reactor-resilience4j-2.1.1.jar;C:\Users\anuja\.m2\repository\io\github\resilience4j\resilience4j-reactor\1.7.0\resilience4j-reactor-1.7.0.jar;C:\Users\anuja\.m2\repository\org\springframework\cloud\spring-cloud-starter-gateway\3.1.1\spring-cloud-starter-gateway-3.1.1.jar;C:\Users\anuja\.m2\repository\org\springframework\cloud\spring-cloud-gateway-server\3.1.1\spring-cloud-gateway-server-3.1.1.jar;C:\Users\anuja\.m2\repository\org\springframework\boot\spring-boot-starter-validation\2.6.4\spring-boot-starter-validation-2.6.4.jar;C:\Users\anuja\.m2\repository\org\apache\tomcat\embed\tomcat-embed-el\9.0.58\tomcat-embed-el-9.0.58.jar;C:\Users\anuja\.m2\repository\org\hibernate\validator\hibernate-validator\6.2.2.Final\hibernate-validator-6.2.2.Final.jar;C:\Users\anuja\.m2\repository\jakarta\validation\jakarta.validation-api\2.0.2\jakarta.validation-api-2.0.2.jar;C:\Users\anuja\.m2\repository\org\jboss\logging\jboss-logging\3.4.3.Final\jboss-logging-3.4.3.Final.jar;C:\Users\anuja\.m2\repository\com\fasterxml\classmate\1.5.1\classmate-1.5.1.jar;C:\Users\anuja\.m2\repository\io\projectreactor\addons\reactor-extra\3.4.6\reactor-extra-3.4.6.jar;C:\Users\anuja\.m2\repository\org\springframework\boot\spring-boot-starter-webflux\2.6.4\spring-boot-starter-webflux-2.6.4.jar;C:\Users\anuja\.m2\repository\org\springframework\boot\spring-boot-starter\2.6.4\spring-boot-starter-2.6.4.jar;C:\Users\anuja\.m2\repository\org\springframework\boot\spring-boot\2.6.4\spring-boot-2.6.4.jar;C:\Users\anuja\.m2\repository\org\springframework\spring-context\5.3.16\spring-context-5.3.16.jar;C:\Users\anuja\.m2\repository\org\springframework\spring-aop\5.3.16\spring-aop-5.3.16.jar;C:\Users\anuja\.m2\repository\org\springframework\spring-expression\5.3.16\spring-expression-5.3.16.jar;C:\Users\anuja\.m2\repository\org\springframework\boot\spring-boot-autoconfigure\2.6.4\spring-boot-autoconfigure-2.6.4.jar;C:\Users\anuja\.m2\repository\org\springframework\boot\spring-boot-starter-logging\2.6.4\spring-boot-starter-logging-2.6.4.jar;C:\Users\anuja\.m2\repository\org\apache\logging\log4j\log4j-to-slf4j\2.17.1\log4j-to-slf4j-2.17.1.jar;C:\Users\anuja\.m2\repository\org\apache\logging\log4j\log4j-api\2.17.1\log4j-api-2.17.1.jar;C:\Users\anuja\.m2\repository\org\slf4j\jul-to-slf4j\1.7.36\jul-to-slf4j-1.7.36.jar;C:\Users\anuja\.m2\repository\jakarta\annotation\jakarta.annotation-api\1.3.5\jakarta.annotation-api-1.3.5.jar;C:\Users\anuja\.m2\repository\org\yaml\snakeyaml\1.29\snakeyaml-1.29.jar;C:\Users\anuja\.m2\repository\org\springframework\boot\spring-boot-starter-json\2.6.4\spring-boot-starter-json-2.6.4.jar;C:\Users\anuja\.m2\repository\com\fasterxml\jackson\core\jackson-databind\2.13.1\jackson-databind-2.13.1.jar;C:\Users\anuja\.m2\repository\com\fasterxml\jackson\datatype\jackson-datatype-jdk8\2.13.1\jackson-datatype-jdk8-2.13.1.jar;C:\Users\anuja\.m2\repository\com\fasterxml\jackson\datatype\jackson-datatype-jsr310\2.13.1\jackson-datatype-jsr310-2.13.1.jar;C:\Users\anuja\.m2\repository\com\fasterxml\jackson\module\jackson-module-parameter-names\2.13.1\jackson-module-parameter-names-2.13.1.jar;C:\Users\anuja\.m2\repository\org\springframework\boot\spring-boot-starter-reactor-netty\2.6.4\spring-boot-starter-reactor-netty-2.6.4.jar;C:\Users\anuja\.m2\repository\io\projectreactor\netty\reactor-netty-http\1.0.16\reactor-netty-http-1.0.16.jar;C:\Users\anuja\.m2\repository\io\netty\netty-codec-http2\4.1.74.Final\netty-codec-http2-4.1.74.Final.jar;C:\Users\anuja\.m2\repository\io\netty\netty-resolver-dns\4.1.74.Final\netty-resolver-dns-4.1.74.Final.jar;C:\Users\anuja\.m2\repository\io\netty\netty-codec-dns\4.1.74.Final\netty-codec-dns-4.1.74.Final.jar;C:\Users\anuja\.m2\repository\io\netty\netty-resolver-dns-native-macos\4.1.74.Final\netty-resolver-dns-native-macos-4.1.74.Final-osx-x86_64.jar;C:\Users\anuja\.m2\repository\io\netty\netty-resolver-dns-classes-macos\4.1.74.Final\netty-resolver-dns-classes-macos-4.1.74.Final.jar;C:\Users\anuja\.m2\repository\io\netty\netty-transport-native-epoll\4.1.74.Final\netty-transport-native-epoll-4.1.74.Final-linux-x86_64.jar;C:\Users\anuja\.m2\repository\io\netty\netty-transport-native-unix-common\4.1.74.Final\netty-transport-native-unix-common-4.1.74.Final.jar;C:\Users\anuja\.m2\repository\io\netty\netty-transport-classes-epoll\4.1.74.Final\netty-transport-classes-epoll-4.1.74.Final.jar;C:\Users\anuja\.m2\repository\io\projectreactor\netty\reactor-netty-core\1.0.16\reactor-netty-core-1.0.16.jar;C:\Users\anuja\.m2\repository\io\netty\netty-handler-proxy\4.1.74.Final\netty-handler-proxy-4.1.74.Final.jar;C:\Users\anuja\.m2\repository\org\springframework\spring-web\5.3.16\spring-web-5.3.16.jar;C:\Users\anuja\.m2\repository\org\springframework\spring-beans\5.3.16\spring-beans-5.3.16.jar;C:\Users\anuja\.m2\repository\org\springframework\spring-webflux\5.3.16\spring-webflux-5.3.16.jar;C:\Users\anuja\.m2\repository\io\projectreactor\reactor-core\3.4.15\reactor-core-3.4.15.jar;C:\Users\anuja\.m2\repository\org\reactivestreams\reactive-streams\1.0.3\reactive-streams-1.0.3.jar;C:\Users\anuja\.m2\repository\org\springframework\boot\spring-boot-starter-actuator\2.6.4\spring-boot-starter-actuator-2.6.4.jar;C:\Users\anuja\.m2\repository\org\springframework\boot\spring-boot-actuator-autoconfigure\2.6.4\spring-boot-actuator-autoconfigure-2.6.4.jar;C:\Users\anuja\.m2\repository\org\springframework\boot\spring-boot-actuator\2.6.4\spring-boot-actuator-2.6.4.jar;C:\Users\anuja\.m2\repository\io\micrometer\micrometer-core\1.8.3\micrometer-core-1.8.3.jar;C:\Users\anuja\.m2\repository\org\hdrhistogram\HdrHistogram\2.1.12\HdrHistogram-2.1.12.jar;C:\Users\anuja\.m2\repository\org\latencyutils\LatencyUtils\2.0.3\LatencyUtils-2.0.3.jar;C:\Users\anuja\.m2\repository\org\springframework\boot\spring-boot-starter-test\2.6.4\spring-boot-starter-test-2.6.4.jar;C:\Users\anuja\.m2\repository\org\springframework\boot\spring-boot-test\2.6.4\spring-boot-test-2.6.4.jar;C:\Users\anuja\.m2\repository\org\springframework\boot\spring-boot-test-autoconfigure\2.6.4\spring-boot-test-autoconfigure-2.6.4.jar;C:\Users\anuja\.m2\repository\com\jayway\jsonpath\json-path\2.6.0\json-path-2.6.0.jar;C:\Users\anuja\.m2\repository\net\minidev\json-smart\2.4.8\json-smart-2.4.8.jar;C:\Users\anuja\.m2\repository\net\minidev\accessors-smart\2.4.8\accessors-smart-2.4.8.jar;C:\Users\anuja\.m2\repository\org\ow2\asm\asm\9.1\asm-9.1.jar;C:\Users\anuja\.m2\repository\jakarta\xml\bind\jakarta.xml.bind-api\2.3.3\jakarta.xml.bind-api-2.3.3.jar;C:\Users\anuja\.m2\repository\jakarta\activation\jakarta.activation-api\1.2.2\jakarta.activation-api-1.2.2.jar;C:\Users\anuja\.m2\repository\org\assertj\assertj-core\3.21.0\assertj-core-3.21.0.jar;C:\Users\anuja\.m2\repository\org\hamcrest\hamcrest\2.2\hamcrest-2.2.jar;C:\Users\anuja\.m2\repository\org\junit\jupiter\junit-jupiter\5.8.2\junit-jupiter-5.8.2.jar;C:\Users\anuja\.m2\repository\org\junit\jupiter\junit-jupiter-api\5.8.2\junit-jupiter-api-5.8.2.jar;C:\Users\anuja\.m2\repository\org\opentest4j\opentest4j\1.2.0\opentest4j-1.2.0.jar;C:\Users\anuja\.m2\repository\org\junit\platform\junit-platform-commons\1.8.2\junit-platform-commons-1.8.2.jar;C:\Users\anuja\.m2\repository\org\apiguardian\apiguardian-api\1.1.2\apiguardian-api-1.1.2.jar;C:\Users\anuja\.m2\repository\org\junit\jupiter\junit-jupiter-params\5.8.2\junit-jupiter-params-5.8.2.jar;C:\Users\anuja\.m2\repository\org\junit\jupiter\junit-jupiter-engine\5.8.2\junit-jupiter-engine-5.8.2.jar;C:\Users\anuja\.m2\repository\org\junit\platform\junit-platform-engine\1.8.2\junit-platform-engine-1.8.2.jar;C:\Users\anuja\.m2\repository\org\mockito\mockito-core\4.0.0\mockito-core-4.0.0.jar;C:\Users\anuja\.m2\repository\net\bytebuddy\byte-buddy\1.11.22\byte-buddy-1.11.22.jar;C:\Users\anuja\.m2\repository\net\bytebuddy\byte-buddy-agent\1.11.22\byte-buddy-agent-1.11.22.jar;C:\Users\anuja\.m2\repository\org\objenesis\objenesis\3.2\objenesis-3.2.jar;C:\Users\anuja\.m2\repository\org\mockito\mockito-junit-jupiter\4.0.0\mockito-junit-jupiter-4.0.0.jar;C:\Users\anuja\.m2\repository\org\skyscreamer\jsonassert\1.5.0\jsonassert-1.5.0.jar;C:\Users\anuja\.m2\repository\com\vaadin\external\google\android-json\0.0.20131108.vaadin1\android-json-0.0.20131108.vaadin1.jar;C:\Users\anuja\.m2\repository\org\springframework\spring-core\5.3.16\spring-core-5.3.16.jar;C:\Users\anuja\.m2\repository\org\springframework\spring-jcl\5.3.16\spring-jcl-5.3.16.jar;C:\Users\anuja\.m2\repository\org\springframework\spring-test\5.3.16\spring-test-5.3.16.jar;C:\Users\anuja\.m2\repository\org\xmlunit\xmlunit-core\2.8.4\xmlunit-core-2.8.4.jar;C:\Users\anuja\.m2\repository\org\testcontainers\mockserver\1.15.3\mockserver-1.15.3.jar;C:\Users\anuja\.m2\repository\org\testcontainers\testcontainers\1.15.3\testcontainers-1.15.3.jar;C:\Users\anuja\.m2\repository\junit\junit\4.13.2\junit-4.13.2.jar;C:\Users\anuja\.m2\repository\org\hamcrest\hamcrest-core\2.2\hamcrest-core-2.2.jar;C:\Users\anuja\.m2\repository\org\apache\commons\commons-compress\1.20\commons-compress-1.20.jar;C:\Users\anuja\.m2\repository\org\rnorth\duct-tape\duct-tape\1.0.8\duct-tape-1.0.8.jar;C:\Users\anuja\.m2\repository\org\rnorth\visible-assertions\visible-assertions\2.1.2\visible-assertions-2.1.2.jar;C:\Users\anuja\.m2\repository\net\java\dev\jna\jna\5.2.0\jna-5.2.0.jar;C:\Users\anuja\.m2\repository\com\github\docker-java\docker-java-api\3.2.8\docker-java-api-3.2.8.jar;C:\Users\anuja\.m2\repository\com\github\docker-java\docker-java-transport-zerodep\3.2.8\docker-java-transport-zerodep-3.2.8.jar;C:\Users\anuja\.m2\repository\com\github\docker-java\docker-java-transport\3.2.8\docker-java-transport-3.2.8.jar;C:\Users\anuja\.m2\repository\org\mock-server\mockserver-client-java\3.10.8\mockserver-client-java-3.10.8.jar;C:\Users\anuja\.m2\repository\org\mock-server\mockserver-core\3.10.8\mockserver-core-3.10.8.jar;C:\Users\anuja\.m2\repository\javax\servlet\javax.servlet-api\4.0.1\javax.servlet-api-4.0.1.jar;C:\Users\anuja\.m2\repository\io\netty\netty-buffer\4.1.74.Final\netty-buffer-4.1.74.Final.jar;C:\Users\anuja\.m2\repository\io\netty\netty-common\4.1.74.Final\netty-common-4.1.74.Final.jar;C:\Users\anuja\.m2\repository\io\netty\netty-codec\4.1.74.Final\netty-codec-4.1.74.Final.jar;C:\Users\anuja\.m2\repository\io\netty\netty-codec-http\4.1.74.Final\netty-codec-http-4.1.74.Final.jar;C:\Users\anuja\.m2\repository\io\netty\netty-codec-socks\4.1.74.Final\netty-codec-socks-4.1.74.Final.jar;C:\Users\anuja\.m2\repository\io\netty\netty-handler\4.1.74.Final\netty-handler-4.1.74.Final.jar;C:\Users\anuja\.m2\repository\io\netty\netty-resolver\4.1.74.Final\netty-resolver-4.1.74.Final.jar;C:\Users\anuja\.m2\repository\io\netty\netty-tcnative-classes\2.0.48.Final\netty-tcnative-classes-2.0.48.Final.jar;C:\Users\anuja\.m2\repository\io\netty\netty-transport\4.1.74.Final\netty-transport-4.1.74.Final.jar;C:\Users\anuja\.m2\repository\com\jcraft\jzlib\1.1.3\jzlib-1.1.3.jar;C:\Users\anuja\.m2\repository\org\bouncycastle\bcprov-jdk15on\1.56\bcprov-jdk15on-1.56.jar;C:\Users\anuja\.m2\repository\org\bouncycastle\bcmail-jdk15on\1.56\bcmail-jdk15on-1.56.jar;C:\Users\anuja\.m2\repository\org\bouncycastle\bcpkix-jdk15on\1.56\bcpkix-jdk15on-1.56.jar;C:\Users\anuja\.m2\repository\com\fasterxml\jackson\core\jackson-core\2.13.1\jackson-core-2.13.1.jar;C:\Users\anuja\.m2\repository\com\fasterxml\jackson\core\jackson-annotations\2.13.1\jackson-annotations-2.13.1.jar;C:\Users\anuja\.m2\repository\com\github\fge\json-schema-validator\2.2.6\json-schema-validator-2.2.6.jar;C:\Users\anuja\.m2\repository\com\google\code\findbugs\jsr305\3.0.0\jsr305-3.0.0.jar;C:\Users\anuja\.m2\repository\joda-time\joda-time\2.3\joda-time-2.3.jar;C:\Users\anuja\.m2\repository\com\googlecode\libphonenumber\libphonenumber\6.2\libphonenumber-6.2.jar;C:\Users\anuja\.m2\repository\com\github\fge\json-schema-core\1.2.5\json-schema-core-1.2.5.jar;C:\Users\anuja\.m2\repository\com\github\fge\uri-template\0.9\uri-template-0.9.jar;C:\Users\anuja\.m2\repository\com\github\fge\msg-simple\1.1\msg-simple-1.1.jar;C:\Users\anuja\.m2\repository\com\github\fge\btf\1.2\btf-1.2.jar;C:\Users\anuja\.m2\repository\com\github\fge\jackson-coreutils\1.8\jackson-coreutils-1.8.jar;C:\Users\anuja\.m2\repository\org\mozilla\rhino\1.7R4\rhino-1.7R4.jar;C:\Users\anuja\.m2\repository\javax\mail\mailapi\1.4.3\mailapi-1.4.3.jar;C:\Users\anuja\.m2\repository\javax\activation\activation\1.1\activation-1.1.jar;C:\Users\anuja\.m2\repository\net\sf\jopt-simple\jopt-simple\4.6\jopt-simple-4.6.jar;C:\Users\anuja\.m2\repository\xerces\xercesImpl\2.4.0\xercesImpl-2.4.0.jar;C:\Users\anuja\.m2\repository\commons-io\commons-io\1.3.2\commons-io-1.3.2.jar;C:\Users\anuja\.m2\repository\org\apache\commons\commons-lang3\3.12.0\commons-lang3-3.12.0.jar;C:\Users\anuja\.m2\repository\com\google\guava\guava\18.0\guava-18.0.jar;C:\Users\anuja\.m2\repository\org\slf4j\slf4j-api\1.7.36\slf4j-api-1.7.36.jar;C:\Users\anuja\.m2\repository\ch\qos\logback\logback-classic\1.2.10\logback-classic-1.2.10.jar;C:\Users\anuja\.m2\repository\ch\qos\logback\logback-core\1.2.10\logback-core-1.2.10.jar;C:\Users\anuja\.m2\repository\org\springframework\cloud\spring-cloud-starter-contract-stub-runner\3.1.1\spring-cloud-starter-contract-stub-runner-3.1.1.jar;C:\Users\anuja\.m2\repository\org\springframework\cloud\spring-cloud-contract-stub-runner\3.1.1\spring-cloud-contract-stub-runner-3.1.1.jar;C:\Users\anuja\.m2\repository\org\springframework\cloud\spring-cloud-contract-verifier\3.1.1\spring-cloud-contract-verifier-3.1.1.jar;C:\Users\anuja\.m2\repository\org\apache\commons\commons-text\1.9\commons-text-1.9.jar;C:\Users\anuja\.m2\repository\javax\inject\javax.inject\1\javax.inject-1.jar;C:\Users\anuja\.m2\repository\com\toomuchcoding\jsonassert\jsonassert\0.6.1\jsonassert-0.6.1.jar;C:\Users\anuja\.m2\repository\com\rackspace\eclipse\webtools\sourceediting\org.eclipse.wst.xml.xpath2.processor\2.1.100\org.eclipse.wst.xml.xpath2.processor-2.1.100.jar;C:\Users\anuja\.m2\repository\edu\princeton\cup\java-cup\10k\java-cup-10k.jar;C:\Users\anuja\.m2\repository\com\ibm\icu\icu4j\4.6\icu4j-4.6.jar;C:\Users\anuja\.m2\repository\org\codehaus\groovy\groovy\3.0.9\groovy-3.0.9.jar;C:\Users\anuja\.m2\repository\org\codehaus\groovy\groovy-nio\3.0.9\groovy-nio-3.0.9.jar;C:\Users\anuja\.m2\repository\org\codehaus\groovy\groovy-json\3.0.9\groovy-json-3.0.9.jar;C:\Users\anuja\.m2\repository\org\codehaus\groovy\groovy-xml\3.0.9\groovy-xml-3.0.9.jar;C:\Users\anuja\.m2\repository\com\github\jknack\handlebars\4.2.0\handlebars-4.2.0.jar;C:\Users\anuja\.m2\repository\commons-beanutils\commons-beanutils\1.9.4\commons-beanutils-1.9.4.jar;C:\Users\anuja\.m2\repository\commons-logging\commons-logging\1.2\commons-logging-1.2.jar;C:\Users\anuja\.m2\repository\commons-collections\commons-collections\3.2.2\commons-collections-3.2.2.jar;C:\Users\anuja\.m2\repository\com\fasterxml\jackson\dataformat\jackson-dataformat-yaml\2.13.1\jackson-dataformat-yaml-2.13.1.jar;C:\Users\anuja\.m2\repository\net\javacrumbs\json-unit\json-unit-assertj\2.27.0\json-unit-assertj-2.27.0.jar;C:\Users\anuja\.m2\repository\net\javacrumbs\json-unit\json-unit-core\2.27.0\json-unit-core-2.27.0.jar;C:\Users\anuja\.m2\repository\net\javacrumbs\json-unit\json-unit-json-path\2.27.0\json-unit-json-path-2.27.0.jar;C:\Users\anuja\.m2\repository\org\springframework\cloud\spring-cloud-function-compiler\3.0.6.RELEASE\spring-cloud-function-compiler-3.0.6.RELEASE.jar;C:\Users\anuja\.m2\repository\org\eclipse\jdt\core\compiler\ecj\4.4.2\ecj-4.4.2.jar;C:\Users\anuja\.m2\repository\javax\annotation\javax.annotation-api\1.3.2\javax.annotation-api-1.3.2.jar;C:\Users\anuja\.m2\repository\org\springframework\cloud\spring-cloud-contract-shade\3.1.1\spring-cloud-contract-shade-3.1.1.jar;C:\Users\anuja\.m2\repository\org\springframework\cloud\spring-cloud-contract-converters\3.1.1\spring-cloud-contract-converters-3.1.1.jar;C:\Users\anuja\.m2\repository\org\springframework\cloud\spring-cloud-contract-spec\3.1.1\spring-cloud-contract-spec-3.1.1.jar;C:\Users\anuja\.m2\repository\org\springframework\cloud\spring-cloud-contract-spec-java\3.1.1\spring-cloud-contract-spec-java-3.1.1.jar;C:\Users\anuja\.m2\repository\dk\brics\automaton\automaton\1.11-8\automaton-1.11-8.jar;C:\Users\anuja\.m2\repository\org\springframework\cloud\spring-cloud-contract-spec-groovy\3.1.1\spring-cloud-contract-spec-groovy-3.1.1.jar;C:\Users\anuja\.m2\repository\org\eclipse\jgit\org.eclipse.jgit\5.12.0.202106070339-r\org.eclipse.jgit-5.12.0.202106070339-r.jar;C:\Users\anuja\.m2\repository\com\googlecode\javaewah\JavaEWAH\1.1.7\JavaEWAH-1.1.7.jar;C:\Users\anuja\.m2\repository\org\eclipse\jgit\org.eclipse.jgit.ssh.jsch\5.12.0.202106070339-r\org.eclipse.jgit.ssh.jsch-5.12.0.202106070339-r.jar;C:\Users\anuja\.m2\repository\com\jcraft\jsch\0.1.55\jsch-0.1.55.jar;C:\Users\anuja\.m2\repository\com\jcraft\jsch.agentproxy.sshagent\0.0.9\jsch.agentproxy.sshagent-0.0.9.jar;C:\Users\anuja\.m2\repository\com\jcraft\jsch.agentproxy.core\0.0.9\jsch.agentproxy.core-0.0.9.jar;C:\Users\anuja\.m2\repository\com\jcraft\jsch.agentproxy.jsch\0.0.9\jsch.agentproxy.jsch-0.0.9.jar;C:\Users\anuja\.m2\repository\com\jcraft\jsch.agentproxy.usocket-jna\0.0.9\jsch.agentproxy.usocket-jna-0.0.9.jar;C:\Users\anuja\.m2\repository\net\java\dev\jna\jna-platform\4.1.0\jna-platform-4.1.0.jar;C:\Users\anuja\.m2\repository\org\springframework\cloud\spring-cloud-contract-wiremock\3.1.1\spring-cloud-contract-wiremock-3.1.1.jar;C:\Users\anuja\.m2\repository\com\github\tomakehurst\wiremock-jre8-standalone\2.31.0\wiremock-jre8-standalone-2.31.0.jar;C:\Users\anuja\.m2\repository\org\apache\httpcomponents\httpclient\4.5.13\httpclient-4.5.13.jar;C:\Users\anuja\.m2\repository\org\apache\httpcomponents\httpcore\4.4.15\httpcore-4.4.15.jar;C:\Users\anuja\.m2\repository\commons-codec\commons-codec\1.15\commons-codec-1.15.jar;C:\Users\anuja\.m2\repository\org\apache\maven\resolver\maven-resolver-api\1.4.1\maven-resolver-api-1.4.1.jar;C:\Users\anuja\.m2\repository\org\sonatype\sisu\sisu-inject-plexus\2.6.0\sisu-inject-plexus-2.6.0.jar;C:\Users\anuja\.m2\repository\org\codehaus\plexus\plexus-component-annotations\1.5.5\plexus-component-annotations-1.5.5.jar;C:\Users\anuja\.m2\repository\org\codehaus\plexus\plexus-classworlds\2.5.2\plexus-classworlds-2.5.2.jar;C:\Users\anuja\.m2\repository\org\codehaus\plexus\plexus-utils\3.0.18\plexus-utils-3.0.18.jar;C:\Users\anuja\.m2\repository\org\sonatype\sisu\sisu-inject-bean\2.6.0\sisu-inject-bean-2.6.0.jar;C:\Users\anuja\.m2\repository\javax\enterprise\cdi-api\1.0\cdi-api-1.0.jar;C:\Users\anuja\.m2\repository\javax\annotation\jsr250-api\1.0\jsr250-api-1.0.jar;C:\Users\anuja\.m2\repository\org\sonatype\sisu\sisu-guice\3.2.5\sisu-guice-3.2.5-no_aop.jar;C:\Users\anuja\.m2\repository\org\eclipse\sisu\org.eclipse.sisu.inject\0.3.0\org.eclipse.sisu.inject-0.3.0.jar;C:\Users\anuja\.m2\repository\org\eclipse\sisu\org.eclipse.sisu.plexus\0.3.0\org.eclipse.sisu.plexus-0.3.0.jar;"/>
    <property name="sun.cpu.endian" value="little"/>
    <property name="user.home" value="C:\Users\anuja"/>
    <property name="user.language" value="en"/>
    <property name="java.specification.vendor" value="Oracle Corporation"/>
    <property name="java.version.date" value="2021-01-19"/>
    <property name="java.home" value="E:\sts-4.10.0.RELEASE\plugins\org.eclipse.justj.openjdk.hotspot.jre.full.win32.x86_64_15.0.2.v20210201-0955\jre"/>
    <property name="file.separator" value="\"/>
    <property name="style.color" value="always"/>
    <property name="basedir" value="D:\Anuja\IMP\Workspace_Kadmos\api-gw"/>
    <property name="java.vm.compressedOopsMode" value="32-bit"/>
    <property name="line.separator" value="&#10;"/>
    <property name="java.vm.specification.vendor" value="Oracle Corporation"/>
    <property name="java.specification.name" value="Java Platform API Specification"/>
    <property name="surefire.real.class.path" value="C:\Users\anuja\AppData\Local\Temp\surefire14867528950903958288\surefirebooter9970479327588971920.jar"/>
    <property name="user.script" value=""/>
    <property name="sun.management.compiler" value="HotSpot 64-Bit Tiered Compilers"/>
    <property name="java.runtime.version" value="15.0.2+7-27"/>
    <property name="user.name" value="anuja"/>
    <property name="path.separator" value=";"/>
    <property name="os.version" value="10.0"/>
    <property name="java.runtime.name" value="OpenJDK Runtime Environment"/>
    <property name="file.encoding" value="Cp1252"/>
    <property name="java.vm.name" value="OpenJDK 64-Bit Server VM"/>
    <property name="localRepository" value="C:\Users\anuja\.m2\repository"/>
    <property name="java.vendor.url.bug" value="https://bugreport.java.com/bugreport/"/>
    <property name="java.io.tmpdir" value="C:\Users\anuja\AppData\Local\Temp\"/>
    <property name="java.version" value="15.0.2"/>
    <property name="user.dir" value="D:\Anuja\IMP\Workspace_Kadmos\api-gw"/>
    <property name="os.arch" value="amd64"/>
    <property name="java.vm.specification.name" value="Java Virtual Machine Specification"/>
    <property name="sun.os.patch.level" value=""/>
    <property name="java.library.path" value="E:\sts-4.10.0.RELEASE\plugins\org.eclipse.justj.openjdk.hotspot.jre.full.win32.x86_64_15.0.2.v20210201-0955\jre\bin;C:\WINDOWS\Sun\Java\bin;C:\WINDOWS\system32;C:\WINDOWS;E:/sts-4.10.0.RELEASE//plugins/org.eclipse.justj.openjdk.hotspot.jre.full.win32.x86_64_15.0.2.v20210201-0955/jre/bin/server;E:/sts-4.10.0.RELEASE//plugins/org.eclipse.justj.openjdk.hotspot.jre.full.win32.x86_64_15.0.2.v20210201-0955/jre/bin;C:\Program Files (x86)\Common Files\Oracle\Java\javapath;C:\WINDOWS\system32;C:\WINDOWS;C:\WINDOWS\System32\Wbem;C:\WINDOWS\System32\WindowsPowerShell\v1.0\;C:\WINDOWS\System32\OpenSSH\;C:\Program Files\Java\jdk1.8.0_261\bin\;E:\apache-maven-3.6.3\bin\;C:\Program Files\Git\cmd;C:\Program Files\PostgreSQL\14\bin;;C:\Program Files\Docker\Docker\resources\bin;C:\ProgramData\DockerDesktop\version-bin;C:\Program Files\MySQL\MySQL Shell 8.0\bin\;C:\Users\anuja\AppData\Local\Microsoft\WindowsApps;C:\Program Files\PostgreSQL\14\bin;;E:\sts-4.10.0.RELEASE;;."/>
    <property name="java.vm.info" value="mixed mode"/>
    <property name="java.vendor" value="Oracle Corporation"/>
    <property name="java.vm.version" value="15.0.2+7-27"/>
    <property name="sun.io.unicode.encoding" value="UnicodeLittle"/>
    <property name="java.class.version" value="59.0"/>
  </properties>
  <testcase name="testAccountServiceFail" classname="com.an.apigw.ApiGwApplicationTests" time="3.116"/>
  <testcase name="testAccountService" classname="com.an.apigw.ApiGwApplicationTests" time="0.041"/>
</testsuite>